TN:
SF:src\demo\deepClone.demo.js
FNF:0
FNH:0
LF:0
LH:0
BRF:0
BRH:0
end_of_record
TN:
SF:src\demo\proxy.demo.js
FNF:0
FNH:0
LF:0
LH:0
BRF:0
BRH:0
end_of_record
TN:
SF:src\demo\sw.demo.js
FNF:0
FNH:0
LF:0
LH:0
BRF:0
BRH:0
end_of_record
TN:
SF:src\demo\sw.reg.js
FNF:0
FNH:0
LF:0
LH:0
BRF:0
BRH:0
end_of_record
TN:
SF:src\libs\FullScreen\index.js
FNF:0
FNH:0
LF:0
LH:0
BRF:0
BRH:0
end_of_record
TN:
SF:src\libs\I18n\index.js
FNF:0
FNH:0
LF:0
LH:0
BRF:0
BRH:0
end_of_record
TN:
SF:src\libs\InterceptorManager\index.js
FNF:0
FNH:0
LF:0
LH:0
BRF:0
BRH:0
end_of_record
TN:
SF:src\libs\InterceptorManager\utils.js
FNF:0
FNH:0
LF:0
LH:0
BRF:0
BRH:0
end_of_record
TN:
SF:src\libs\MouseObserver\index.js
FNF:0
FNH:0
LF:0
LH:0
BRF:0
BRH:0
end_of_record
TN:
SF:src\libs\TCC\index.js
FNF:0
FNH:0
LF:0
LH:0
BRF:0
BRH:0
end_of_record
TN:
SF:src\libs\hookJs\ajaxHook.js
FNF:0
FNH:0
LF:0
LH:0
BRF:0
BRH:0
end_of_record
TN:
SF:src\libs\hookJs\index.js
FNF:0
FNH:0
LF:0
LH:0
BRF:0
BRH:0
end_of_record
TN:
SF:src\libs\utils\Debug.js
FNF:0
FNH:0
LF:0
LH:0
BRF:0
BRH:0
end_of_record
TN:
SF:src\libs\utils\attrObserver.js
FNF:0
FNH:0
LF:0
LH:0
BRF:0
BRH:0
end_of_record
TN:
SF:src\libs\utils\copyText.js
FNF:0
FNH:0
LF:0
LH:0
BRF:0
BRH:0
end_of_record
TN:
SF:src\libs\utils\dom.js
FNF:0
FNH:0
LF:0
LH:0
BRF:0
BRH:0
end_of_record
TN:
SF:src\libs\utils\fakeUA.js
FNF:0
FNH:0
LF:0
LH:0
BRF:0
BRH:0
end_of_record
TN:
SF:src\libs\utils\fakeVisibilityState.js
FNF:0
FNH:0
LF:0
LH:0
BRF:0
BRH:0
end_of_record
TN:
SF:src\libs\utils\hackAttachShadow.js
FNF:0
FNH:0
LF:0
LH:0
BRF:0
BRH:0
end_of_record
TN:
SF:src\libs\utils\hackEventListener.js
FNF:0
FNH:0
LF:0
LH:0
BRF:0
BRH:0
end_of_record
TN:
SF:src\libs\utils\iframe.js
FNF:0
FNH:0
LF:0
LH:0
BRF:0
BRH:0
end_of_record
TN:
SF:src\libs\utils\index.js
FNF:0
FNH:0
LF:0
LH:0
BRF:0
BRH:0
end_of_record
TN:
SF:src\libs\utils\millisecondToDate.js
FNF:0
FNH:0
LF:0
LH:0
BRF:0
BRH:0
end_of_record
TN:
SF:src\libs\utils\number.js
FNF:0
FNH:0
LF:0
LH:0
BRF:0
BRH:0
end_of_record
TN:
SF:src\libs\utils\object.js
FNF:0
FNH:0
LF:0
LH:0
BRF:0
BRH:0
end_of_record
TN:
SF:src\libs\utils\ready.js
FN:8,ready
FN:14,$ready
FN:24,(anonymous_2)
FN:41,check
FN:54,(anonymous_4)
FNF:5
FNH:5
FNDA:5,ready
FNDA:6,$ready
FNDA:9,(anonymous_2)
FNDA:35,check
FNDA:6,(anonymous_4)
DA:9,5
DA:10,5
DA:11,5
DA:12,5
DA:16,6
DA:22,6
DA:23,2
DA:24,2
DA:25,9
DA:26,29
DA:27,29
DA:31,2
DA:38,6
DA:42,35
DA:43,35
DA:44,6
DA:45,6
DA:46,6
DA:47,6
DA:48,6
DA:53,5
DA:54,6
LF:22
LH:22
BRDA:10,0,0,5
BRDA:10,0,1,4
BRDA:11,1,0,5
BRDA:11,1,1,0
BRDA:12,2,0,5
BRDA:12,2,1,2
BRDA:22,3,0,2
BRDA:22,3,1,4
BRDA:22,4,0,6
BRDA:22,4,1,4
BRDA:45,5,0,6
BRDA:45,5,1,5
BRDA:46,6,0,6
BRDA:46,6,1,0
BRDA:53,7,0,1
BRDA:53,7,1,4
BRF:16
BRH:14
end_of_record
TN:
SF:src\libs\utils\ready.js
FNF:0
FNH:0
LF:0
LH:0
BRF:0
BRH:0
end_of_record
TN:
SF:src\libs\utils\throttle.js
FNF:0
FNH:0
LF:0
LH:0
BRF:0
BRH:0
end_of_record
TN:
SF:src\libs\utils\typeof.js
FNF:0
FNH:0
LF:0
LH:0
BRF:0
BRH:0
end_of_record
TN:
SF:src\libs\utils\url.js
FNF:0
FNH:0
LF:0
LH:0
BRF:0
BRH:0
end_of_record
TN:
SF:src\libs\videoCapturer\index.js
FNF:0
FNH:0
LF:0
LH:0
BRF:0
BRH:0
end_of_record
TN:
SF:src\script.user\common\getId.js
FNF:0
FNH:0
LF:0
LH:0
BRF:0
BRH:0
end_of_record
TN:
SF:src\script.user\common\getPageWindow.js
FNF:0
FNH:0
LF:0
LH:0
BRF:0
BRH:0
end_of_record
TN:
SF:src\script.user\common\http.js
FNF:0
FNH:0
LF:0
LH:0
BRF:0
BRH:0
end_of_record
TN:
SF:src\script.user\common\monkeyMenu.js
FNF:0
FNH:0
LF:0
LH:0
BRF:0
BRH:0
end_of_record
TN:
SF:src\script.user\common\monkeyMsg.js
FNF:0
FNH:0
LF:0
LH:0
BRF:0
BRH:0
end_of_record
TN:
SF:src\script.user\common\statistics.js
FNF:0
FNH:0
LF:0
LH:0
BRF:0
BRH:0
end_of_record
TN:
SF:src\script.user\myscript\comment.js
FNF:0
FNH:0
LF:0
LH:0
BRF:0
BRH:0
end_of_record
TN:
SF:src\script.user\myscript\index.js
FNF:0
FNH:0
LF:0
LH:0
BRF:0
BRH:0
end_of_record
TN:
SF:src\script.user\myscript\libs\jsonParse.js
FNF:0
FNH:0
LF:0
LH:0
BRF:0
BRH:0
end_of_record
TN:
SF:src\script.user\myscript\libs\myTools.js
FNF:0
FNH:0
LF:0
LH:0
BRF:0
BRH:0
end_of_record
TN:
SF:src\script.user\myscript\module\autoRefresh.mod.js
FNF:0
FNH:0
LF:0
LH:0
BRF:0
BRH:0
end_of_record
TN:
SF:src\script.user\myscript\module\index.js
FNF:0
FNH:0
LF:0
LH:0
BRF:0
BRH:0
end_of_record
TN:
SF:src\script.user\myscript\module\keepPlayerQuality.mod.js
FNF:0
FNH:0
LF:0
LH:0
BRF:0
BRH:0
end_of_record
TN:
SF:src\script.user\myscript\module\searchEnhance.mod.js
FNF:0
FNH:0
LF:0
LH:0
BRF:0
BRH:0
end_of_record
TN:
SF:src\script.user\myscript\module\showPassword.mod.js
FNF:0
FNH:0
LF:0
LH:0
BRF:0
BRH:0
end_of_record
TN:
SF:src\script.user\myscript\module\superparse.mod.js
FNF:0
FNH:0
LF:0
LH:0
BRF:0
BRH:0
end_of_record
